TN:
SF:src/modules/appointments/services/CreateAppointmentService.ts
FN:2,__decorate
FN:23,__metadata
FN:27,__param
FN:32,__awaiter
FN:33,adopt
FNF:5
FNH:5
FNDA:1,__decorate
FNDA:1,__metadata
FNDA:1,__param
FNDA:3,__awaiter
FNDA:5,adopt
DA:1,1
DA:2,1
DA:3,1
DA:4,1
DA:5,1
DA:6,1
DA:7,1
DA:8,1
DA:9,1
DA:10,1
DA:11,1
DA:12,1
DA:13,1
DA:14,0
DA:15,0
DA:16,0
DA:17,1
DA:18,1
DA:19,1
DA:20,0
DA:21,1
DA:22,1
DA:23,1
DA:24,1
DA:25,1
DA:26,1
DA:27,1
DA:28,1
DA:29,1
DA:30,1
DA:31,1
DA:32,1
DA:33,3
DA:34,5
DA:35,5
DA:36,0
DA:37,0
DA:38,0
DA:39,0
DA:40,0
DA:41,3
LF:41
LH:32
BRDA:1,0,0,1
BRDA:2,1,0,1
BRDA:4,2,0,0
BRDA:13,3,0,0
BRDA:19,4,0,0
BRDA:19,5,0,0
BRDA:23,6,0,1
BRDA:27,7,0,1
BRDA:29,8,0,1
BRDA:32,9,0,3
BRDA:33,10,0,5
BRDA:35,11,0,0
BRF:12
BRH:7
end_of_record
TN:
SF:src/modules/users/services/AuthenticateUserService.ts
FN:2,__decorate
FN:22,__metadata
FN:27,__param
FN:29,__awaiter
FN:31,adopt
FN:37,fulfilled
FN:42,rejected
FN:47,step
FNF:8
FNH:7
FNDA:1,__decorate
FNDA:1,__metadata
FNDA:2,__param
FNDA:3,__awaiter
FNDA:5,adopt
FNDA:5,fulfilled
FNDA:0,rejected
FNDA:6,step
DA:1,1
DA:2,1
DA:3,1
DA:4,1
DA:5,0
DA:6,1
DA:7,1
DA:8,1
DA:9,0
DA:10,0
DA:11,0
DA:12,0
DA:13,0
DA:14,0
DA:15,0
DA:16,0
DA:17,0
DA:18,0
DA:19,0
DA:20,1
DA:21,0
DA:22,1
DA:23,1
DA:24,1
DA:25,1
DA:26,1
DA:27,2
DA:28,2
DA:29,1
DA:30,3
DA:31,3
DA:32,5
DA:33,0
DA:34,0
DA:35,0
DA:36,3
DA:37,3
DA:38,5
DA:39,5
DA:40,3
DA:41,3
DA:42,3
DA:43,0
DA:44,0
DA:45,3
DA:46,3
DA:47,3
DA:48,6
DA:49,1
LF:49
LH:31
BRDA:1,0,0,1
BRDA:2,1,0,1
BRDA:4,2,0,0
BRDA:9,3,0,0
BRDA:20,4,0,0
BRDA:20,5,0,0
BRDA:22,6,0,1
BRDA:27,7,0,2
BRDA:27,8,0,2
BRDA:29,9,0,3
BRDA:31,10,0,5
BRDA:32,11,0,0
BRDA:37,12,0,3
BRDA:37,13,0,5
BRDA:40,14,0,2
BRDA:47,15,0,6
BRDA:49,16,0,1
BRF:17
BRH:12
end_of_record
TN:
SF:src/modules/users/services/CreateUserService.ts
FN:2,__decorate
FN:20,__metadata
FN:24,__param
FN:28,__awaiter
FN:30,adopt
FNF:5
FNH:5
FNDA:2,__decorate
FNDA:2,__metadata
FNDA:4,__param
FNDA:5,__awaiter
FNDA:13,adopt
DA:1,2
DA:2,2
DA:3,2
DA:4,2
DA:5,2
DA:6,2
DA:7,2
DA:8,2
DA:9,2
DA:10,2
DA:11,0
DA:12,0
DA:13,0
DA:14,0
DA:15,0
DA:16,0
DA:17,2
DA:18,2
DA:19,2
DA:20,2
DA:21,2
DA:22,2
DA:23,2
DA:24,2
DA:25,4
DA:26,2
DA:27,2
DA:28,2
DA:29,5
DA:30,5
DA:31,13
DA:32,13
DA:33,0
DA:34,0
DA:35,0
DA:36,0
DA:37,5
LF:37
LH:27
BRDA:1,0,0,2
BRDA:2,1,0,2
BRDA:4,2,0,0
BRDA:10,3,0,0
BRDA:17,4,0,0
BRDA:17,5,0,0
BRDA:20,6,0,2
BRDA:24,7,0,4
BRDA:26,8,0,4
BRDA:28,9,0,5
BRDA:30,10,0,13
BRDA:32,11,0,0
BRF:12
BRH:7
end_of_record
TN:
SF:src/modules/users/services/ResetPasswordService.ts
FN:2,__decorate
FN:19,__metadata
FN:24,__param
FN:28,__awaiter
FN:31,adopt
FN:37,fulfilled
FN:41,rejected
FN:45,step
FNF:8
FNH:7
FNDA:1,__decorate
FNDA:1,__metadata
FNDA:3,__param
FNDA:4,__awaiter
FNDA:9,adopt
FNDA:9,fulfilled
FNDA:0,rejected
FNDA:10,step
DA:1,1
DA:2,1
DA:3,1
DA:4,1
DA:5,1
DA:6,1
DA:7,1
DA:8,1
DA:9,0
DA:10,0
DA:11,0
DA:12,0
DA:13,0
DA:14,0
DA:15,0
DA:16,1
DA:17,1
DA:18,1
DA:19,1
DA:20,1
DA:21,1
DA:22,1
DA:23,1
DA:24,1
DA:25,3
DA:26,3
DA:27,1
DA:28,1
DA:29,4
DA:30,4
DA:31,4
DA:32,0
DA:33,0
DA:34,4
DA:35,4
DA:36,4
DA:37,4
DA:38,9
DA:39,4
DA:40,4
DA:41,4
DA:42,0
DA:43,4
DA:44,4
DA:45,10
DA:46,9
DA:47,4
DA:48,4
DA:49,4
DA:50,4
DA:51,4
LF:51
LH:41
BRDA:1,0,0,1
BRDA:2,1,0,1
BRDA:4,2,0,0
BRDA:8,3,0,0
BRDA:17,4,0,0
BRDA:17,5,0,0
BRDA:19,6,0,1
BRDA:24,7,0,3
BRDA:25,8,0,3
BRDA:28,9,0,4
BRDA:31,10,0,9
BRDA:31,11,0,0
BRDA:34,12,0,4
BRDA:37,13,0,9
BRDA:39,14,0,3
BRDA:45,15,0,10
BRDA:45,16,0,1
BRDA:45,17,0,9
BRF:18
BRH:13
end_of_record
TN:
SF:src/modules/users/services/SendForgotPasswordEmailService.ts
FN:2,__decorate
FN:17,__metadata
FN:22,__param
FN:28,__awaiter
FN:28,adopt
FN:36,fulfilled
FN:39,rejected
FN:42,step
FN:49,__generator
FN:53,sent
FNF:10
FNH:9
FNDA:1,__decorate
FNDA:1,__metadata
FNDA:3,__param
FNDA:3,__awaiter
FNDA:7,adopt
FNDA:7,fulfilled
FNDA:0,rejected
FNDA:9,step
FNDA:3,__generator
FNDA:7,sent
DA:1,1
DA:2,1
DA:3,1
DA:4,0
DA:5,1
DA:6,1
DA:7,1
DA:8,1
DA:9,0
DA:10,0
DA:11,0
DA:12,0
DA:13,0
DA:14,0
DA:15,1
DA:16,1
DA:17,1
DA:18,1
DA:19,1
DA:20,1
DA:21,1
DA:22,1
DA:23,3
DA:24,3
DA:25,1
DA:26,1
DA:27,1
DA:28,1
DA:29,7
DA:30,0
DA:31,0
DA:32,3
DA:33,3
DA:34,3
DA:35,3
DA:36,3
DA:37,7
DA:38,7
DA:39,3
DA:40,0
DA:41,0
DA:42,3
DA:43,9
DA:44,7
DA:45,3
DA:46,1
DA:47,1
DA:48,1
DA:49,1
DA:50,3
DA:51,3
DA:52,3
DA:53,3
LF:53
LH:42
BRDA:1,0,0,1
BRDA:2,1,0,1
BRDA:3,2,0,0
BRDA:8,3,0,0
BRDA:15,4,0,0
BRDA:15,5,0,0
BRDA:17,6,0,1
BRDA:22,7,0,3
BRDA:22,8,0,3
BRDA:28,9,0,3
BRDA:28,10,0,7
BRDA:29,11,0,0
BRDA:33,12,0,3
BRDA:36,13,0,7
BRDA:38,14,0,1
BRDA:42,15,0,9
BRDA:43,16,0,2
BRDA:43,17,0,7
BRDA:49,18,0,3
BRDA:53,19,0,7
BRF:20
BRH:15
end_of_record
TN:
SF:src/modules/users/services/ShowProfileService.ts
FN:25,__decorate
FN:25,__metadata
FN:25,__param
FN:25,__awaiter
FN:25,adopt
FN:25,fulfilled
FN:25,rejected
FN:25,step
FN:25,__generator
FN:25,sent
FN:25,g.<computed>
FN:25,verb
FN:25,step
FN:25,__importDefault
FN:12,ShowProfileService
FN:16,ShowProfileService.execute
FNF:16
FNH:14
FNDA:1,__decorate
FNDA:1,__metadata
FNDA:1,__param
FNDA:2,__awaiter
FNDA:2,adopt
FNDA:2,fulfilled
FNDA:0,rejected
FNDA:3,step
FNDA:2,__generator
FNDA:2,sent
FNDA:0,g.<computed>
FNDA:6,verb
FNDA:4,step
FNDA:1,__importDefault
FNDA:2,ShowProfileService
FNDA:2,ShowProfileService.execute
DA:1,1
DA:2,1
DA:3,1
DA:4,1
DA:5,1
DA:6,1
DA:7,1
DA:8,1
DA:9,1
DA:10,1
DA:11,1
DA:12,1
DA:13,2
DA:14,2
DA:15,1
DA:16,1
DA:17,2
DA:18,2
DA:19,2
DA:20,1
DA:21,1
DA:22,1
DA:23,1
DA:24,2
DA:25,1
LF:25
LH:25
BRDA:25,0,0,1
BRDA:25,1,0,1
BRDA:25,2,0,0
BRDA:25,3,0,0
BRDA:25,4,0,0
BRDA:25,5,0,0
BRDA:25,6,0,1
BRDA:25,7,0,1
BRDA:25,8,0,1
BRDA:25,9,0,2
BRDA:25,10,0,2
BRDA:25,11,0,0
BRDA:25,12,0,2
BRDA:25,13,0,2
BRDA:25,14,0,1
BRDA:25,15,0,3
BRDA:25,16,0,1
BRDA:25,17,0,2
BRDA:25,18,0,2
BRDA:25,19,0,2
BRDA:25,20,0,0
BRDA:25,21,0,6
BRDA:25,22,0,4
BRDA:25,23,0,4
BRDA:25,24,0,0
BRDA:25,25,0,8
BRDA:25,26,0,0
BRDA:25,27,0,0
BRDA:25,28,0,0
BRDA:25,29,0,0
BRDA:25,30,0,4
BRDA:25,31,0,4
BRDA:25,32,0,2
BRDA:25,33,0,0
BRDA:25,34,0,0
BRDA:25,35,0,2
BRDA:25,36,0,0
BRDA:25,37,0,1
BRDA:25,38,0,0
BRDA:25,39,0,0
BRDA:25,40,0,0
BRDA:25,41,0,0
BRDA:25,42,0,4
BRDA:25,43,0,1
BRDA:25,44,0,4
BRDA:25,45,0,2
BRDA:25,46,0,1
BRDA:25,47,0,0
BRDA:25,48,0,1
BRDA:25,49,0,0
BRDA:11,50,0,1
BRDA:12,51,0,2
BRDA:16,52,0,2
BRDA:25,53,0,2
BRDA:25,54,0,4
BRDA:17,55,0,2
BRDA:25,56,0,2
BRDA:19,57,0,1
BRF:58
BRH:38
end_of_record
TN:
SF:src/modules/users/services/UpdateProfileService.ts
FN:67,__decorate
FN:67,__metadata
FN:67,__param
FN:67,__awaiter
FN:67,adopt
FN:67,fulfilled
FN:67,rejected
FN:67,step
FN:67,__generator
FN:67,sent
FN:67,g.<computed>
FN:67,verb
FN:67,step
FN:67,__importDefault
FN:17,UpdateProfileService
FN:22,UpdateProfileService.execute
FNF:16
FNH:14
FNDA:1,__decorate
FNDA:1,__metadata
FNDA:2,__param
FNDA:6,__awaiter
FNDA:14,adopt
FNDA:14,fulfilled
FNDA:0,rejected
FNDA:16,step
FNDA:6,__generator
FNDA:14,sent
FNDA:0,g.<computed>
FNDA:18,verb
FNDA:20,step
FNDA:1,__importDefault
FNDA:6,UpdateProfileService
FNDA:6,UpdateProfileService.execute
DA:1,1
DA:2,1
DA:3,1
DA:4,1
DA:5,1
DA:6,1
DA:7,1
DA:8,1
DA:9,1
DA:10,1
DA:11,1
DA:12,1
DA:13,1
DA:14,1
DA:15,1
DA:16,1
DA:17,1
DA:18,6
DA:19,6
DA:20,6
DA:21,1
DA:22,1
DA:23,6
DA:24,6
DA:25,6
DA:26,6
DA:27,6
DA:28,6
DA:29,6
DA:30,6
DA:31,6
DA:32,1
DA:33,1
DA:34,5
DA:35,5
DA:36,5
DA:37,5
DA:38,6
DA:39,6
DA:40,1
DA:41,1
DA:42,4
DA:43,4
DA:44,4
DA:45,4
DA:46,6
DA:47,1
DA:48,1
DA:49,1
DA:50,1
DA:51,3
DA:52,6
DA:53,2
DA:54,2
DA:55,2
DA:56,2
DA:57,6
DA:58,6
DA:59,1
DA:60,1
DA:61,1
DA:62,1
DA:63,6
DA:64,6
DA:65,6
DA:66,6
DA:67,1
LF:67
LH:67
BRDA:67,0,0,1
BRDA:67,1,0,1
BRDA:67,2,0,0
BRDA:67,3,0,0
BRDA:67,4,0,0
BRDA:67,5,0,0
BRDA:67,6,0,1
BRDA:67,7,0,2
BRDA:67,8,0,2
BRDA:67,9,0,6
BRDA:67,10,0,14
BRDA:67,11,0,0
BRDA:67,12,0,6
BRDA:67,13,0,14
BRDA:67,14,0,4
BRDA:67,15,0,16
BRDA:67,16,0,2
BRDA:67,17,0,14
BRDA:67,18,0,6
BRDA:67,19,0,14
BRDA:67,20,0,0
BRDA:67,21,0,18
BRDA:67,22,0,20
BRDA:67,23,0,20
BRDA:67,24,0,0
BRDA:67,25,0,41
BRDA:67,26,0,0
BRDA:67,27,0,0
BRDA:67,28,0,0
BRDA:67,29,0,0
BRDA:67,30,0,20
BRDA:67,31,0,20
BRDA:67,32,0,14
BRDA:67,33,0,0
BRDA:67,34,0,0
BRDA:67,35,0,7
BRDA:67,36,0,0
BRDA:67,37,0,3
BRDA:67,38,0,6
BRDA:67,39,0,1
BRDA:67,40,0,0
BRDA:67,41,0,1
BRDA:67,42,0,0
BRDA:67,43,0,0
BRDA:67,44,0,0
BRDA:67,45,0,21
BRDA:67,46,0,4
BRDA:67,47,0,21
BRDA:67,48,0,6
BRDA:67,49,0,4
BRDA:67,50,0,2
BRDA:67,51,0,0
BRDA:67,52,0,1
BRDA:67,53,0,0
BRDA:16,54,0,1
BRDA:17,55,0,6
BRDA:22,56,0,6
BRDA:67,57,0,6
BRDA:67,58,0,21
BRDA:29,59,0,6
BRDA:67,60,0,6
BRDA:31,61,0,1
BRDA:33,62,0,5
BRDA:67,63,0,5
BRDA:39,64,0,1
BRDA:39,65,0,1
BRDA:41,66,0,4
BRDA:46,67,0,3
BRDA:46,68,0,1
BRDA:50,69,0,3
BRDA:52,70,0,2
BRDA:52,71,0,1
BRDA:52,72,0,2
BRDA:67,73,0,2
BRDA:58,74,0,1
BRDA:67,75,0,1
BRDA:65,76,0,2
BRF:77
BRH:57
end_of_record
TN:
SF:src/modules/users/services/UpdateUserAvatarService.ts
FN:2,__decorate
FN:19,__metadata
FN:22,__param
FN:27,__awaiter
FN:28,adopt
FN:34,fulfilled
FNF:6
FNH:6
FNDA:1,__decorate
FNDA:1,__metadata
FNDA:2,__param
FNDA:4,__awaiter
FNDA:11,adopt
FNDA:11,fulfilled
DA:1,1
DA:2,1
DA:3,1
DA:4,1
DA:5,1
DA:6,1
DA:7,1
DA:8,1
DA:9,1
DA:10,0
DA:11,0
DA:12,0
DA:13,0
DA:14,0
DA:15,1
DA:16,1
DA:17,1
DA:18,1
DA:19,1
DA:20,1
DA:21,1
DA:22,1
DA:23,2
DA:24,1
DA:25,1
DA:26,1
DA:27,1
DA:28,4
DA:29,11
DA:30,11
DA:31,4
DA:32,4
DA:33,4
DA:34,4
DA:35,11
DA:36,11
DA:37,11
LF:37
LH:32
BRDA:1,0,0,1
BRDA:2,1,0,1
BRDA:3,2,0,0
BRDA:9,3,0,0
BRDA:15,4,0,0
BRDA:15,5,0,0
BRDA:19,6,0,1
BRDA:22,7,0,2
BRDA:23,8,0,2
BRDA:27,9,0,4
BRDA:28,10,0,11
BRDA:31,11,0,0
BRDA:34,12,0,4
BRDA:34,13,0,11
BRF:14
BRH:9
end_of_record
