TN:
SF:src/modules/appointments/services/CreateAppointmentService.ts
FN:62,__decorate
FN:62,__metadata
FN:62,__param
FN:62,__awaiter
FN:62,adopt
FN:62,fulfilled
FN:62,rejected
FN:62,step
FN:62,__generator
FN:62,sent
FN:62,g.<computed>
FN:62,verb
FN:62,step
FN:62,__importDefault
FN:15,CreateAppointmentService
FN:20,CreateAppointmentService.execute
FNF:16
FNH:14
FNDA:1,__decorate
FNDA:1,__metadata
FNDA:1,__param
FNDA:7,__awaiter
FNDA:4,adopt
FNDA:4,fulfilled
FNDA:0,rejected
FNDA:6,step
FNDA:7,__generator
FNDA:4,sent
FNDA:0,g.<computed>
FNDA:21,verb
FNDA:11,step
FNDA:1,__importDefault
FNDA:5,CreateAppointmentService
FNDA:7,CreateAppointmentService.execute
DA:1,1
DA:2,1
DA:3,1
DA:4,1
DA:5,1
DA:6,1
DA:7,1
DA:8,1
DA:9,1
DA:10,1
DA:11,1
DA:12,1
DA:13,1
DA:14,1
DA:15,1
DA:16,5
DA:17,5
DA:18,5
DA:19,1
DA:20,1
DA:21,7
DA:22,7
DA:23,7
DA:24,7
DA:25,7
DA:26,7
DA:27,7
DA:28,3
DA:29,3
DA:30,3
DA:31,3
DA:32,4
DA:33,7
DA:34,1
DA:35,1
DA:36,1
DA:37,1
DA:38,3
DA:39,7
DA:40,1
DA:41,1
DA:42,1
DA:43,1
DA:44,2
DA:45,2
DA:46,2
DA:47,2
DA:48,7
DA:49,7
DA:50,0
DA:51,0
DA:52,7
DA:53,7
DA:54,7
DA:55,7
DA:56,7
DA:57,7
DA:58,7
DA:59,7
DA:60,1
DA:61,1
DA:62,1
LF:62
LH:60
BRDA:62,0,0,1
BRDA:62,1,0,1
BRDA:62,2,0,0
BRDA:62,3,0,0
BRDA:62,4,0,0
BRDA:62,5,0,0
BRDA:62,6,0,1
BRDA:62,7,0,1
BRDA:62,8,0,1
BRDA:62,9,0,7
BRDA:62,10,0,4
BRDA:62,11,0,0
BRDA:62,12,0,7
BRDA:62,13,0,4
BRDA:62,14,0,0
BRDA:62,15,0,6
BRDA:62,16,0,2
BRDA:62,17,0,4
BRDA:62,18,0,7
BRDA:62,19,0,4
BRDA:62,20,0,0
BRDA:62,21,0,21
BRDA:62,22,0,11
BRDA:62,23,0,11
BRDA:62,24,0,0
BRDA:62,25,0,22
BRDA:62,26,0,0
BRDA:62,27,0,0
BRDA:62,28,0,0
BRDA:62,29,0,0
BRDA:62,30,0,11
BRDA:62,31,0,11
BRDA:62,32,0,4
BRDA:62,33,0,0
BRDA:62,34,0,0
BRDA:62,35,0,7
BRDA:62,36,0,0
BRDA:62,37,0,2
BRDA:62,38,0,0
BRDA:62,39,0,0
BRDA:62,40,0,0
BRDA:62,41,0,0
BRDA:62,42,0,11
BRDA:62,43,0,5
BRDA:62,44,0,11
BRDA:62,45,0,7
BRDA:62,46,0,5
BRDA:62,47,0,2
BRDA:62,48,0,0
BRDA:62,49,0,1
BRDA:62,50,0,0
BRDA:14,51,0,1
BRDA:15,52,0,5
BRDA:20,53,0,7
BRDA:62,54,0,7
BRDA:62,55,0,11
BRDA:62,56,0,7
BRDA:27,57,0,3
BRDA:31,58,0,4
BRDA:33,59,0,1
BRDA:37,60,0,3
BRDA:39,61,0,2
BRDA:39,62,0,1
BRDA:43,63,0,2
BRDA:62,64,0,2
BRDA:49,65,0,0
BRDA:62,66,0,2
BRF:67
BRH:45
end_of_record
TN:
SF:src/modules/appointments/services/ListProviderAppointmentsService.ts
FN:36,__decorate
FN:36,__metadata
FN:36,__param
FN:36,__awaiter
FN:36,adopt
FN:36,fulfilled
FN:36,rejected
FN:36,step
FN:36,__generator
FN:36,sent
FN:36,g.<computed>
FN:36,verb
FN:36,step
FN:14,ListProviderAppointmentsService
FN:19,ListProviderAppointmentsService.execute
FNF:15
FNH:13
FNDA:1,__decorate
FNDA:1,__metadata
FNDA:1,__param
FNDA:1,__awaiter
FNDA:1,adopt
FNDA:1,fulfilled
FNDA:0,rejected
FNDA:2,step
FNDA:1,__generator
FNDA:1,sent
FNDA:0,g.<computed>
FNDA:3,verb
FNDA:2,step
FNDA:1,ListProviderAppointmentsService
FNDA:1,ListProviderAppointmentsService.execute
DA:1,1
DA:2,1
DA:3,1
DA:4,1
DA:5,1
DA:6,1
DA:7,1
DA:8,1
DA:9,1
DA:10,1
DA:11,1
DA:12,1
DA:13,1
DA:14,1
DA:15,1
DA:16,1
DA:17,1
DA:18,1
DA:19,1
DA:20,1
DA:21,1
DA:22,1
DA:23,1
DA:24,1
DA:25,1
DA:26,1
DA:27,1
DA:28,1
DA:29,1
DA:30,1
DA:31,1
DA:32,1
DA:33,1
DA:34,1
DA:35,1
DA:36,1
LF:36
LH:36
BRDA:36,0,0,1
BRDA:36,1,0,1
BRDA:36,2,0,0
BRDA:36,3,0,0
BRDA:36,4,0,0
BRDA:36,5,0,0
BRDA:36,6,0,1
BRDA:36,7,0,1
BRDA:36,8,0,1
BRDA:36,9,0,1
BRDA:36,10,0,1
BRDA:36,11,0,0
BRDA:36,12,0,1
BRDA:36,13,0,1
BRDA:36,14,0,0
BRDA:36,15,0,2
BRDA:36,16,0,1
BRDA:36,17,0,1
BRDA:36,18,0,1
BRDA:36,19,0,1
BRDA:36,20,0,0
BRDA:36,21,0,3
BRDA:36,22,0,2
BRDA:36,23,0,2
BRDA:36,24,0,0
BRDA:36,25,0,4
BRDA:36,26,0,0
BRDA:36,27,0,0
BRDA:36,28,0,0
BRDA:36,29,0,0
BRDA:36,30,0,2
BRDA:36,31,0,2
BRDA:36,32,0,1
BRDA:36,33,0,0
BRDA:36,34,0,0
BRDA:36,35,0,1
BRDA:36,36,0,0
BRDA:36,37,0,0
BRDA:36,38,0,0
BRDA:36,39,0,0
BRDA:36,40,0,0
BRDA:36,41,0,2
BRDA:36,42,0,0
BRDA:36,43,0,2
BRDA:36,44,0,1
BRDA:36,45,0,0
BRDA:36,46,0,1
BRDA:36,47,0,0
BRDA:13,48,0,1
BRDA:14,49,0,1
BRDA:19,50,0,1
BRDA:36,51,0,1
BRDA:36,52,0,2
BRDA:25,53,0,1
BRDA:36,54,0,1
BRF:55
BRH:33
end_of_record
TN:
SF:src/modules/appointments/services/ListProviderDayAvailabilityService.ts
FN:63,__decorate
FN:63,__metadata
FN:63,__param
FN:63,__awaiter
FN:63,adopt
FN:63,fulfilled
FN:63,rejected
FN:63,step
FN:63,__generator
FN:63,sent
FN:63,g.<computed>
FN:63,verb
FN:63,step
FN:19,ListProviderDayAvailabilityService
FN:24,ListProviderDayAvailabilityService.execute
FNF:15
FNH:13
FNDA:1,__decorate
FNDA:1,__metadata
FNDA:1,__param
FNDA:1,__awaiter
FNDA:1,adopt
FNDA:1,fulfilled
FNDA:0,rejected
FNDA:2,step
FNDA:1,__generator
FNDA:1,sent
FNDA:0,g.<computed>
FNDA:3,verb
FNDA:2,step
FNDA:1,ListProviderDayAvailabilityService
FNDA:1,ListProviderDayAvailabilityService.execute
DA:1,1
DA:2,1
DA:3,1
DA:4,1
DA:5,1
DA:6,1
DA:7,1
DA:8,1
DA:9,1
DA:10,1
DA:11,1
DA:12,1
DA:13,1
DA:14,1
DA:15,1
DA:16,1
DA:17,1
DA:18,1
DA:19,1
DA:20,1
DA:21,1
DA:22,1
DA:23,1
DA:24,1
DA:25,1
DA:26,1
DA:27,1
DA:28,1
DA:29,1
DA:30,1
DA:31,1
DA:32,1
DA:33,1
DA:34,1
DA:35,1
DA:36,1
DA:37,1
DA:38,1
DA:39,1
DA:40,1
DA:41,1
DA:42,1
DA:43,1
DA:44,1
DA:45,1
DA:46,1
DA:47,1
DA:48,10
DA:49,10
DA:50,10
DA:51,10
DA:52,10
DA:53,10
DA:54,10
DA:55,10
DA:56,10
DA:57,10
DA:58,10
DA:59,1
DA:60,1
DA:61,1
DA:62,1
DA:63,1
LF:63
LH:63
BRDA:63,0,0,1
BRDA:63,1,0,1
BRDA:63,2,0,0
BRDA:63,3,0,0
BRDA:63,4,0,0
BRDA:63,5,0,0
BRDA:63,6,0,1
BRDA:63,7,0,1
BRDA:63,8,0,1
BRDA:63,9,0,1
BRDA:63,10,0,1
BRDA:63,11,0,0
BRDA:63,12,0,1
BRDA:63,13,0,1
BRDA:63,14,0,0
BRDA:63,15,0,2
BRDA:63,16,0,1
BRDA:63,17,0,1
BRDA:63,18,0,1
BRDA:63,19,0,1
BRDA:63,20,0,0
BRDA:63,21,0,3
BRDA:63,22,0,2
BRDA:63,23,0,2
BRDA:63,24,0,0
BRDA:63,25,0,4
BRDA:63,26,0,0
BRDA:63,27,0,0
BRDA:63,28,0,0
BRDA:63,29,0,0
BRDA:63,30,0,2
BRDA:63,31,0,2
BRDA:63,32,0,1
BRDA:63,33,0,0
BRDA:63,34,0,0
BRDA:63,35,0,1
BRDA:63,36,0,0
BRDA:63,37,0,0
BRDA:63,38,0,0
BRDA:63,39,0,0
BRDA:63,40,0,0
BRDA:63,41,0,2
BRDA:63,42,0,0
BRDA:63,43,0,2
BRDA:63,44,0,1
BRDA:63,45,0,0
BRDA:63,46,0,1
BRDA:63,47,0,0
BRDA:18,48,0,1
BRDA:19,49,0,1
BRDA:24,50,0,1
BRDA:63,51,0,1
BRDA:63,52,0,2
BRDA:30,53,0,1
BRDA:63,54,0,1
BRDA:42,55,0,10
BRDA:47,56,0,10
BRDA:57,57,0,8
BRDA:49,58,0,19
BRF:59
BRH:37
end_of_record
TN:
SF:src/modules/appointments/services/ListProviderMonthAvailabilityService.ts
FN:58,__decorate
FN:58,__metadata
FN:58,__param
FN:58,__awaiter
FN:58,adopt
FN:58,fulfilled
FN:58,rejected
FN:58,step
FN:58,__generator
FN:58,sent
FN:58,g.<computed>
FN:58,verb
FN:58,step
FN:18,ListProviderMonthAvailabilityService
FN:23,ListProviderMonthAvailabilityService.execute
FNF:15
FNH:13
FNDA:1,__decorate
FNDA:1,__metadata
FNDA:1,__param
FNDA:1,__awaiter
FNDA:1,adopt
FNDA:1,fulfilled
FNDA:0,rejected
FNDA:2,step
FNDA:1,__generator
FNDA:1,sent
FNDA:0,g.<computed>
FNDA:3,verb
FNDA:2,step
FNDA:1,ListProviderMonthAvailabilityService
FNDA:1,ListProviderMonthAvailabilityService.execute
DA:1,1
DA:2,1
DA:3,1
DA:4,1
DA:5,1
DA:6,1
DA:7,1
DA:8,1
DA:9,1
DA:10,1
DA:11,1
DA:12,1
DA:13,1
DA:14,1
DA:15,1
DA:16,1
DA:17,1
DA:18,1
DA:19,1
DA:20,1
DA:21,1
DA:22,1
DA:23,1
DA:24,1
DA:25,1
DA:26,1
DA:27,1
DA:28,1
DA:29,1
DA:30,1
DA:31,1
DA:32,1
DA:33,1
DA:34,1
DA:35,1
DA:36,1
DA:37,1
DA:38,1
DA:39,1
DA:40,1
DA:41,1
DA:42,1
DA:43,1
DA:44,1
DA:45,1
DA:46,31
DA:47,310
DA:48,31
DA:49,31
DA:50,31
DA:51,31
DA:52,31
DA:53,31
DA:54,1
DA:55,1
DA:56,1
DA:57,1
DA:58,1
LF:58
LH:58
BRDA:58,0,0,1
BRDA:58,1,0,1
BRDA:58,2,0,0
BRDA:58,3,0,0
BRDA:58,4,0,0
BRDA:58,5,0,0
BRDA:58,6,0,1
BRDA:58,7,0,1
BRDA:58,8,0,1
BRDA:58,9,0,1
BRDA:58,10,0,1
BRDA:58,11,0,0
BRDA:58,12,0,1
BRDA:58,13,0,1
BRDA:58,14,0,0
BRDA:58,15,0,2
BRDA:58,16,0,1
BRDA:58,17,0,1
BRDA:58,18,0,1
BRDA:58,19,0,1
BRDA:58,20,0,0
BRDA:58,21,0,3
BRDA:58,22,0,2
BRDA:58,23,0,2
BRDA:58,24,0,0
BRDA:58,25,0,4
BRDA:58,26,0,0
BRDA:58,27,0,0
BRDA:58,28,0,0
BRDA:58,29,0,0
BRDA:58,30,0,2
BRDA:58,31,0,2
BRDA:58,32,0,1
BRDA:58,33,0,0
BRDA:58,34,0,0
BRDA:58,35,0,1
BRDA:58,36,0,0
BRDA:58,37,0,0
BRDA:58,38,0,0
BRDA:58,39,0,0
BRDA:58,40,0,0
BRDA:58,41,0,2
BRDA:58,42,0,0
BRDA:58,43,0,2
BRDA:58,44,0,1
BRDA:58,45,0,0
BRDA:58,46,0,1
BRDA:58,47,0,0
BRDA:17,48,0,1
BRDA:18,49,0,1
BRDA:23,50,0,1
BRDA:58,51,0,1
BRDA:58,52,0,2
BRDA:28,53,0,1
BRDA:58,54,0,1
BRDA:42,55,0,31
BRDA:45,56,0,31
BRDA:46,57,0,310
BRF:58
BRH:36
end_of_record
TN:
SF:src/modules/appointments/services/ListProvidersService.ts
FN:22,__decorate
FN:22,__metadata
FN:22,__param
FN:22,__awaiter
FN:22,adopt
FN:22,fulfilled
FN:22,rejected
FN:22,step
FN:22,__generator
FN:22,sent
FN:22,g.<computed>
FN:22,verb
FN:22,step
FN:11,ListProvidersService
FN:15,ListProvidersService.execute
FNF:15
FNH:13
FNDA:1,__decorate
FNDA:1,__metadata
FNDA:1,__param
FNDA:1,__awaiter
FNDA:1,adopt
FNDA:1,fulfilled
FNDA:0,rejected
FNDA:2,step
FNDA:1,__generator
FNDA:1,sent
FNDA:0,g.<computed>
FNDA:3,verb
FNDA:2,step
FNDA:1,ListProvidersService
FNDA:1,ListProvidersService.execute
DA:1,1
DA:2,1
DA:3,1
DA:4,1
DA:5,1
DA:6,1
DA:7,1
DA:8,1
DA:9,1
DA:10,1
DA:11,1
DA:12,1
DA:13,1
DA:14,1
DA:15,1
DA:16,1
DA:17,1
DA:18,1
DA:19,1
DA:20,1
DA:21,1
DA:22,1
LF:22
LH:22
BRDA:22,0,0,1
BRDA:22,1,0,1
BRDA:22,2,0,0
BRDA:22,3,0,0
BRDA:22,4,0,0
BRDA:22,5,0,0
BRDA:22,6,0,1
BRDA:22,7,0,1
BRDA:22,8,0,1
BRDA:22,9,0,1
BRDA:22,10,0,1
BRDA:22,11,0,0
BRDA:22,12,0,1
BRDA:22,13,0,1
BRDA:22,14,0,0
BRDA:22,15,0,2
BRDA:22,16,0,1
BRDA:22,17,0,1
BRDA:22,18,0,1
BRDA:22,19,0,1
BRDA:22,20,0,0
BRDA:22,21,0,3
BRDA:22,22,0,2
BRDA:22,23,0,2
BRDA:22,24,0,0
BRDA:22,25,0,4
BRDA:22,26,0,0
BRDA:22,27,0,0
BRDA:22,28,0,0
BRDA:22,29,0,0
BRDA:22,30,0,2
BRDA:22,31,0,2
BRDA:22,32,0,1
BRDA:22,33,0,0
BRDA:22,34,0,0
BRDA:22,35,0,1
BRDA:22,36,0,0
BRDA:22,37,0,0
BRDA:22,38,0,0
BRDA:22,39,0,0
BRDA:22,40,0,0
BRDA:22,41,0,2
BRDA:22,42,0,0
BRDA:22,43,0,2
BRDA:22,44,0,1
BRDA:22,45,0,0
BRDA:22,46,0,1
BRDA:22,47,0,0
BRDA:10,48,0,1
BRDA:11,49,0,1
BRDA:15,50,0,1
BRDA:22,51,0,1
BRDA:22,52,0,2
BRDA:16,53,0,1
BRDA:22,54,0,1
BRF:55
BRH:33
end_of_record
TN:
SF:src/modules/users/services/AuthenticateUserService.ts
FN:49,__decorate
FN:49,__metadata
FN:49,__param
FN:49,__awaiter
FN:49,adopt
FN:49,fulfilled
FN:49,rejected
FN:49,step
FN:49,__generator
FN:49,sent
FN:49,g.<computed>
FN:49,verb
FN:49,step
FN:49,__importDefault
FN:21,AuthenticateUserService
FN:26,AuthenticateUserService.execute
FNF:16
FNH:14
FNDA:1,__decorate
FNDA:1,__metadata
FNDA:2,__param
FNDA:3,__awaiter
FNDA:5,adopt
FNDA:5,fulfilled
FNDA:0,rejected
FNDA:6,step
FNDA:3,__generator
FNDA:5,sent
FNDA:0,g.<computed>
FNDA:9,verb
FNDA:8,step
FNDA:2,__importDefault
FNDA:3,AuthenticateUserService
FNDA:3,AuthenticateUserService.execute
DA:1,1
DA:2,1
DA:3,1
DA:4,1
DA:5,1
DA:6,1
DA:7,1
DA:8,1
DA:9,1
DA:10,1
DA:11,1
DA:12,1
DA:13,1
DA:14,1
DA:15,1
DA:16,1
DA:17,1
DA:18,1
DA:19,1
DA:20,1
DA:21,1
DA:22,3
DA:23,3
DA:24,3
DA:25,1
DA:26,1
DA:27,3
DA:28,3
DA:29,1
DA:30,1
DA:31,2
DA:32,2
DA:33,2
DA:34,2
DA:35,3
DA:36,3
DA:37,1
DA:38,1
DA:39,1
DA:40,1
DA:41,1
DA:42,1
DA:43,1
DA:44,1
DA:45,1
DA:46,1
DA:47,1
DA:48,3
DA:49,1
LF:49
LH:49
BRDA:49,0,0,1
BRDA:49,1,0,1
BRDA:49,2,0,0
BRDA:49,3,0,0
BRDA:49,4,0,0
BRDA:49,5,0,0
BRDA:49,6,0,1
BRDA:49,7,0,2
BRDA:49,8,0,2
BRDA:49,9,0,3
BRDA:49,10,0,5
BRDA:49,11,0,0
BRDA:49,12,0,3
BRDA:49,13,0,5
BRDA:49,14,0,2
BRDA:49,15,0,6
BRDA:49,16,0,1
BRDA:49,17,0,5
BRDA:49,18,0,3
BRDA:49,19,0,5
BRDA:49,20,0,0
BRDA:49,21,0,9
BRDA:49,22,0,8
BRDA:49,23,0,8
BRDA:49,24,0,0
BRDA:49,25,0,16
BRDA:49,26,0,0
BRDA:49,27,0,0
BRDA:49,28,0,0
BRDA:49,29,0,0
BRDA:49,30,0,8
BRDA:49,31,0,8
BRDA:49,32,0,5
BRDA:49,33,0,0
BRDA:49,34,0,0
BRDA:49,35,0,3
BRDA:49,36,0,0
BRDA:49,37,0,1
BRDA:49,38,0,0
BRDA:49,39,0,0
BRDA:49,40,0,0
BRDA:49,41,0,0
BRDA:49,42,0,8
BRDA:49,43,0,2
BRDA:49,44,0,8
BRDA:49,45,0,3
BRDA:49,46,0,2
BRDA:49,47,0,1
BRDA:49,48,0,0
BRDA:49,49,0,2
BRDA:49,50,0,0
BRDA:20,51,0,1
BRDA:21,52,0,3
BRDA:26,53,0,3
BRDA:49,54,0,3
BRDA:49,55,0,8
BRDA:27,56,0,3
BRDA:49,57,0,3
BRDA:28,58,0,1
BRDA:30,59,0,2
BRDA:49,60,0,2
BRDA:36,61,0,1
BRF:62
BRH:42
end_of_record
TN:
SF:src/modules/users/services/CreateUserService.ts
FN:37,__decorate
FN:37,__metadata
FN:37,__param
FN:37,__awaiter
FN:37,adopt
FN:37,fulfilled
FN:37,rejected
FN:37,step
FN:37,__generator
FN:37,sent
FN:37,g.<computed>
FN:37,verb
FN:37,step
FN:37,__importDefault
FN:15,CreateUserService
FN:20,CreateUserService.execute
FNF:16
FNH:14
FNDA:2,__decorate
FNDA:2,__metadata
FNDA:4,__param
FNDA:5,__awaiter
FNDA:13,adopt
FNDA:13,fulfilled
FNDA:0,rejected
FNDA:17,step
FNDA:5,__generator
FNDA:13,sent
FNDA:0,g.<computed>
FNDA:15,verb
FNDA:18,step
FNDA:2,__importDefault
FNDA:5,CreateUserService
FNDA:5,CreateUserService.execute
DA:1,1
DA:2,1
DA:3,1
DA:4,1
DA:5,1
DA:6,1
DA:7,1
DA:8,1
DA:9,1
DA:10,1
DA:11,1
DA:12,1
DA:13,1
DA:14,2
DA:15,2
DA:16,5
DA:17,5
DA:18,5
DA:19,2
DA:20,2
DA:21,5
DA:22,5
DA:23,5
DA:24,1
DA:25,1
DA:26,4
DA:27,5
DA:28,5
DA:29,5
DA:30,5
DA:31,5
DA:32,5
DA:33,5
DA:34,5
DA:35,2
DA:36,1
DA:37,1
LF:37
LH:37
BRDA:37,0,0,2
BRDA:37,1,0,2
BRDA:37,2,0,0
BRDA:37,3,0,0
BRDA:37,4,0,0
BRDA:37,5,0,0
BRDA:37,6,0,2
BRDA:37,7,0,4
BRDA:37,8,0,4
BRDA:37,9,0,5
BRDA:37,10,0,13
BRDA:37,11,0,0
BRDA:37,12,0,5
BRDA:37,13,0,13
BRDA:37,14,0,1
BRDA:37,15,0,17
BRDA:37,16,0,4
BRDA:37,17,0,13
BRDA:37,18,0,5
BRDA:37,19,0,13
BRDA:37,20,0,0
BRDA:37,21,0,15
BRDA:37,22,0,18
BRDA:37,23,0,18
BRDA:37,24,0,0
BRDA:37,25,0,36
BRDA:37,26,0,0
BRDA:37,27,0,0
BRDA:37,28,0,0
BRDA:37,29,0,0
BRDA:37,30,0,18
BRDA:37,31,0,18
BRDA:37,32,0,13
BRDA:37,33,0,0
BRDA:37,34,0,0
BRDA:37,35,0,5
BRDA:37,36,0,0
BRDA:37,37,0,4
BRDA:37,38,0,0
BRDA:37,39,0,0
BRDA:37,40,0,0
BRDA:37,41,0,0
BRDA:37,42,0,18
BRDA:37,43,0,1
BRDA:37,44,0,18
BRDA:37,45,0,5
BRDA:37,46,0,1
BRDA:37,47,0,4
BRDA:37,48,0,0
BRDA:37,49,0,2
BRDA:37,50,0,0
BRDA:14,51,0,2
BRDA:15,52,0,5
BRDA:20,53,0,5
BRDA:37,54,0,5
BRDA:37,55,0,18
BRDA:21,56,0,5
BRDA:37,57,0,5
BRDA:23,58,0,1
BRDA:25,59,0,4
BRDA:37,60,0,4
BRDA:37,61,0,4
BRF:62
BRH:42
end_of_record
TN:
SF:src/modules/users/services/ResetPasswordService.ts
FN:51,__decorate
FN:51,__metadata
FN:51,__param
FN:51,__awaiter
FN:51,adopt
FN:51,fulfilled
FN:51,rejected
FN:51,step
FN:51,__generator
FN:51,sent
FN:51,g.<computed>
FN:51,verb
FN:51,step
FN:51,__importDefault
FN:15,ResetPasswordService
FN:24,ResetPasswordService.execute
FNF:16
FNH:14
FNDA:1,__decorate
FNDA:1,__metadata
FNDA:3,__param
FNDA:4,__awaiter
FNDA:9,adopt
FNDA:9,fulfilled
FNDA:0,rejected
FNDA:10,step
FNDA:4,__generator
FNDA:9,sent
FNDA:0,g.<computed>
FNDA:12,verb
FNDA:13,step
FNDA:1,__importDefault
FNDA:4,ResetPasswordService
FNDA:4,ResetPasswordService.execute
DA:1,1
DA:2,1
DA:3,1
DA:4,1
DA:5,1
DA:6,1
DA:7,1
DA:8,1
DA:9,1
DA:10,1
DA:11,1
DA:12,1
DA:13,1
DA:14,1
DA:15,1
DA:16,4
DA:17,4
DA:18,4
DA:19,4
DA:20,4
DA:21,4
DA:22,4
DA:23,1
DA:24,1
DA:25,4
DA:26,4
DA:27,4
DA:28,1
DA:29,1
DA:30,3
DA:31,3
DA:32,4
DA:33,4
DA:34,1
DA:35,1
DA:36,2
DA:37,2
DA:38,2
DA:39,2
DA:40,2
DA:41,4
DA:42,1
DA:43,1
DA:44,1
DA:45,1
DA:46,4
DA:47,4
DA:48,4
DA:49,1
DA:50,1
DA:51,1
LF:51
LH:51
BRDA:51,0,0,1
BRDA:51,1,0,1
BRDA:51,2,0,0
BRDA:51,3,0,0
BRDA:51,4,0,0
BRDA:51,5,0,0
BRDA:51,6,0,1
BRDA:51,7,0,3
BRDA:51,8,0,3
BRDA:51,9,0,4
BRDA:51,10,0,9
BRDA:51,11,0,0
BRDA:51,12,0,4
BRDA:51,13,0,9
BRDA:51,14,0,3
BRDA:51,15,0,10
BRDA:51,16,0,1
BRDA:51,17,0,9
BRDA:51,18,0,4
BRDA:51,19,0,9
BRDA:51,20,0,0
BRDA:51,21,0,12
BRDA:51,22,0,13
BRDA:51,23,0,13
BRDA:51,24,0,0
BRDA:51,25,0,26
BRDA:51,26,0,0
BRDA:51,27,0,0
BRDA:51,28,0,0
BRDA:51,29,0,0
BRDA:51,30,0,13
BRDA:51,31,0,13
BRDA:51,32,0,9
BRDA:51,33,0,0
BRDA:51,34,0,0
BRDA:51,35,0,4
BRDA:51,36,0,0
BRDA:51,37,0,1
BRDA:51,38,0,0
BRDA:51,39,0,0
BRDA:51,40,0,0
BRDA:51,41,0,0
BRDA:51,42,0,13
BRDA:51,43,0,3
BRDA:51,44,0,13
BRDA:51,45,0,4
BRDA:51,46,0,3
BRDA:51,47,0,1
BRDA:51,48,0,0
BRDA:51,49,0,1
BRDA:51,50,0,0
BRDA:14,51,0,1
BRDA:15,52,0,4
BRDA:24,53,0,4
BRDA:51,54,0,4
BRDA:51,55,0,13
BRDA:25,56,0,4
BRDA:51,57,0,4
BRDA:27,58,0,1
BRDA:29,59,0,3
BRDA:51,60,0,3
BRDA:33,61,0,1
BRDA:35,62,0,2
BRDA:41,63,0,1
BRDA:51,64,0,1
BRDA:51,65,0,1
BRF:66
BRH:46
end_of_record
TN:
SF:src/modules/users/services/SendForgotPasswordEmailService.ts
FN:53,__decorate
FN:53,__metadata
FN:53,__param
FN:53,__awaiter
FN:53,adopt
FN:53,fulfilled
FN:53,rejected
FN:53,step
FN:53,__generator
FN:53,sent
FN:53,g.<computed>
FN:53,verb
FN:53,step
FN:53,__importDefault
FN:14,SendForgotPasswordEmailService
FN:21,SendForgotPasswordEmailService.execute
FNF:16
FNH:14
FNDA:1,__decorate
FNDA:1,__metadata
FNDA:3,__param
FNDA:3,__awaiter
FNDA:7,adopt
FNDA:7,fulfilled
FNDA:0,rejected
FNDA:9,step
FNDA:3,__generator
FNDA:7,sent
FNDA:0,g.<computed>
FNDA:9,verb
FNDA:10,step
FNDA:2,__importDefault
FNDA:3,SendForgotPasswordEmailService
FNDA:3,SendForgotPasswordEmailService.execute
DA:1,1
DA:2,1
DA:3,1
DA:4,1
DA:5,1
DA:6,1
DA:7,1
DA:8,1
DA:9,1
DA:10,1
DA:11,1
DA:12,1
DA:13,1
DA:14,1
DA:15,3
DA:16,3
DA:17,3
DA:18,3
DA:19,3
DA:20,1
DA:21,1
DA:22,3
DA:23,3
DA:24,3
DA:25,1
DA:26,1
DA:27,2
DA:28,2
DA:29,3
DA:30,3
DA:31,3
DA:32,3
DA:33,3
DA:34,3
DA:35,3
DA:36,3
DA:37,3
DA:38,3
DA:39,3
DA:40,3
DA:41,3
DA:42,3
DA:43,3
DA:44,3
DA:45,3
DA:46,3
DA:47,3
DA:48,3
DA:49,3
DA:50,3
DA:51,1
DA:52,1
DA:53,1
LF:53
LH:53
BRDA:53,0,0,1
BRDA:53,1,0,1
BRDA:53,2,0,0
BRDA:53,3,0,0
BRDA:53,4,0,0
BRDA:53,5,0,0
BRDA:53,6,0,1
BRDA:53,7,0,3
BRDA:53,8,0,3
BRDA:53,9,0,3
BRDA:53,10,0,7
BRDA:53,11,0,0
BRDA:53,12,0,3
BRDA:53,13,0,7
BRDA:53,14,0,1
BRDA:53,15,0,9
BRDA:53,16,0,2
BRDA:53,17,0,7
BRDA:53,18,0,3
BRDA:53,19,0,7
BRDA:53,20,0,0
BRDA:53,21,0,9
BRDA:53,22,0,10
BRDA:53,23,0,10
BRDA:53,24,0,0
BRDA:53,25,0,20
BRDA:53,26,0,0
BRDA:53,27,0,0
BRDA:53,28,0,0
BRDA:53,29,0,0
BRDA:53,30,0,10
BRDA:53,31,0,10
BRDA:53,32,0,7
BRDA:53,33,0,0
BRDA:53,34,0,0
BRDA:53,35,0,3
BRDA:53,36,0,0
BRDA:53,37,0,2
BRDA:53,38,0,0
BRDA:53,39,0,0
BRDA:53,40,0,0
BRDA:53,41,0,0
BRDA:53,42,0,10
BRDA:53,43,0,1
BRDA:53,44,0,10
BRDA:53,45,0,3
BRDA:53,46,0,1
BRDA:53,47,0,2
BRDA:53,48,0,0
BRDA:53,49,0,2
BRDA:53,50,0,1
BRDA:53,51,0,1
BRDA:13,52,0,1
BRDA:14,53,0,3
BRDA:21,54,0,3
BRDA:53,55,0,3
BRDA:53,56,0,10
BRDA:22,57,0,3
BRDA:53,58,0,3
BRDA:24,59,0,1
BRDA:26,60,0,2
BRDA:53,61,0,2
BRDA:53,62,0,2
BRF:63
BRH:44
end_of_record
TN:
SF:src/modules/users/services/ShowProfileService.ts
FN:25,__decorate
FN:25,__metadata
FN:25,__param
FN:25,__awaiter
FN:25,adopt
FN:25,fulfilled
FN:25,rejected
FN:25,step
FN:25,__generator
FN:25,sent
FN:25,g.<computed>
FN:25,verb
FN:25,step
FN:25,__importDefault
FN:12,ShowProfileService
FN:16,ShowProfileService.execute
FNF:16
FNH:14
FNDA:1,__decorate
FNDA:1,__metadata
FNDA:1,__param
FNDA:2,__awaiter
FNDA:2,adopt
FNDA:2,fulfilled
FNDA:0,rejected
FNDA:3,step
FNDA:2,__generator
FNDA:2,sent
FNDA:0,g.<computed>
FNDA:6,verb
FNDA:4,step
FNDA:1,__importDefault
FNDA:2,ShowProfileService
FNDA:2,ShowProfileService.execute
DA:1,1
DA:2,1
DA:3,1
DA:4,1
DA:5,1
DA:6,1
DA:7,1
DA:8,1
DA:9,1
DA:10,1
DA:11,1
DA:12,1
DA:13,2
DA:14,2
DA:15,1
DA:16,1
DA:17,2
DA:18,2
DA:19,2
DA:20,1
DA:21,1
DA:22,1
DA:23,1
DA:24,2
DA:25,1
LF:25
LH:25
BRDA:25,0,0,1
BRDA:25,1,0,1
BRDA:25,2,0,0
BRDA:25,3,0,0
BRDA:25,4,0,0
BRDA:25,5,0,0
BRDA:25,6,0,1
BRDA:25,7,0,1
BRDA:25,8,0,1
BRDA:25,9,0,2
BRDA:25,10,0,2
BRDA:25,11,0,0
BRDA:25,12,0,2
BRDA:25,13,0,2
BRDA:25,14,0,1
BRDA:25,15,0,3
BRDA:25,16,0,1
BRDA:25,17,0,2
BRDA:25,18,0,2
BRDA:25,19,0,2
BRDA:25,20,0,0
BRDA:25,21,0,6
BRDA:25,22,0,4
BRDA:25,23,0,4
BRDA:25,24,0,0
BRDA:25,25,0,8
BRDA:25,26,0,0
BRDA:25,27,0,0
BRDA:25,28,0,0
BRDA:25,29,0,0
BRDA:25,30,0,4
BRDA:25,31,0,4
BRDA:25,32,0,2
BRDA:25,33,0,0
BRDA:25,34,0,0
BRDA:25,35,0,2
BRDA:25,36,0,0
BRDA:25,37,0,1
BRDA:25,38,0,0
BRDA:25,39,0,0
BRDA:25,40,0,0
BRDA:25,41,0,0
BRDA:25,42,0,4
BRDA:25,43,0,1
BRDA:25,44,0,4
BRDA:25,45,0,2
BRDA:25,46,0,1
BRDA:25,47,0,0
BRDA:25,48,0,1
BRDA:25,49,0,0
BRDA:11,50,0,1
BRDA:12,51,0,2
BRDA:16,52,0,2
BRDA:25,53,0,2
BRDA:25,54,0,4
BRDA:17,55,0,2
BRDA:25,56,0,2
BRDA:19,57,0,1
BRF:58
BRH:38
end_of_record
TN:
SF:src/modules/users/services/UpdateProfileService.ts
FN:67,__decorate
FN:67,__metadata
FN:67,__param
FN:67,__awaiter
FN:67,adopt
FN:67,fulfilled
FN:67,rejected
FN:67,step
FN:67,__generator
FN:67,sent
FN:67,g.<computed>
FN:67,verb
FN:67,step
FN:67,__importDefault
FN:17,UpdateProfileService
FN:22,UpdateProfileService.execute
FNF:16
FNH:14
FNDA:1,__decorate
FNDA:1,__metadata
FNDA:2,__param
FNDA:6,__awaiter
FNDA:14,adopt
FNDA:14,fulfilled
FNDA:0,rejected
FNDA:16,step
FNDA:6,__generator
FNDA:14,sent
FNDA:0,g.<computed>
FNDA:18,verb
FNDA:20,step
FNDA:1,__importDefault
FNDA:6,UpdateProfileService
FNDA:6,UpdateProfileService.execute
DA:1,1
DA:2,1
DA:3,1
DA:4,1
DA:5,1
DA:6,1
DA:7,1
DA:8,1
DA:9,1
DA:10,1
DA:11,1
DA:12,1
DA:13,1
DA:14,1
DA:15,1
DA:16,1
DA:17,1
DA:18,6
DA:19,6
DA:20,6
DA:21,1
DA:22,1
DA:23,6
DA:24,6
DA:25,6
DA:26,6
DA:27,6
DA:28,6
DA:29,6
DA:30,6
DA:31,6
DA:32,1
DA:33,1
DA:34,5
DA:35,5
DA:36,5
DA:37,5
DA:38,6
DA:39,6
DA:40,1
DA:41,1
DA:42,4
DA:43,4
DA:44,4
DA:45,4
DA:46,6
DA:47,1
DA:48,1
DA:49,1
DA:50,1
DA:51,3
DA:52,6
DA:53,2
DA:54,2
DA:55,2
DA:56,2
DA:57,6
DA:58,6
DA:59,1
DA:60,1
DA:61,1
DA:62,1
DA:63,6
DA:64,6
DA:65,6
DA:66,6
DA:67,1
LF:67
LH:67
BRDA:67,0,0,1
BRDA:67,1,0,1
BRDA:67,2,0,0
BRDA:67,3,0,0
BRDA:67,4,0,0
BRDA:67,5,0,0
BRDA:67,6,0,1
BRDA:67,7,0,2
BRDA:67,8,0,2
BRDA:67,9,0,6
BRDA:67,10,0,14
BRDA:67,11,0,0
BRDA:67,12,0,6
BRDA:67,13,0,14
BRDA:67,14,0,4
BRDA:67,15,0,16
BRDA:67,16,0,2
BRDA:67,17,0,14
BRDA:67,18,0,6
BRDA:67,19,0,14
BRDA:67,20,0,0
BRDA:67,21,0,18
BRDA:67,22,0,20
BRDA:67,23,0,20
BRDA:67,24,0,0
BRDA:67,25,0,41
BRDA:67,26,0,0
BRDA:67,27,0,0
BRDA:67,28,0,0
BRDA:67,29,0,0
BRDA:67,30,0,20
BRDA:67,31,0,20
BRDA:67,32,0,14
BRDA:67,33,0,0
BRDA:67,34,0,0
BRDA:67,35,0,7
BRDA:67,36,0,0
BRDA:67,37,0,3
BRDA:67,38,0,6
BRDA:67,39,0,1
BRDA:67,40,0,0
BRDA:67,41,0,1
BRDA:67,42,0,0
BRDA:67,43,0,0
BRDA:67,44,0,0
BRDA:67,45,0,21
BRDA:67,46,0,4
BRDA:67,47,0,21
BRDA:67,48,0,6
BRDA:67,49,0,4
BRDA:67,50,0,2
BRDA:67,51,0,0
BRDA:67,52,0,1
BRDA:67,53,0,0
BRDA:16,54,0,1
BRDA:17,55,0,6
BRDA:22,56,0,6
BRDA:67,57,0,6
BRDA:67,58,0,21
BRDA:29,59,0,6
BRDA:67,60,0,6
BRDA:31,61,0,1
BRDA:33,62,0,5
BRDA:67,63,0,5
BRDA:39,64,0,1
BRDA:39,65,0,1
BRDA:41,66,0,4
BRDA:46,67,0,3
BRDA:46,68,0,1
BRDA:50,69,0,3
BRDA:52,70,0,2
BRDA:52,71,0,1
BRDA:52,72,0,2
BRDA:67,73,0,2
BRDA:58,74,0,1
BRDA:67,75,0,1
BRDA:65,76,0,2
BRF:77
BRH:57
end_of_record
TN:
SF:src/modules/users/services/UpdateUserAvatarService.ts
FN:37,__decorate
FN:37,__metadata
FN:37,__param
FN:37,__awaiter
FN:37,adopt
FN:37,fulfilled
FN:37,rejected
FN:37,step
FN:37,__generator
FN:37,sent
FN:37,g.<computed>
FN:37,verb
FN:37,step
FN:37,__importDefault
FN:14,UpdateUserAvatarService
FN:19,UpdateUserAvatarService.execute
FNF:16
FNH:14
FNDA:1,__decorate
FNDA:1,__metadata
FNDA:2,__param
FNDA:4,__awaiter
FNDA:11,adopt
FNDA:11,fulfilled
FNDA:0,rejected
FNDA:14,step
FNDA:4,__generator
FNDA:11,sent
FNDA:0,g.<computed>
FNDA:12,verb
FNDA:15,step
FNDA:1,__importDefault
FNDA:3,UpdateUserAvatarService
FNDA:4,UpdateUserAvatarService.execute
DA:1,1
DA:2,1
DA:3,1
DA:4,1
DA:5,1
DA:6,1
DA:7,1
DA:8,1
DA:9,1
DA:10,1
DA:11,1
DA:12,1
DA:13,1
DA:14,1
DA:15,3
DA:16,3
DA:17,3
DA:18,1
DA:19,1
DA:20,4
DA:21,4
DA:22,1
DA:23,1
DA:24,1
DA:25,1
DA:26,1
DA:27,3
DA:28,1
DA:29,4
DA:30,4
DA:31,4
DA:32,4
DA:33,4
DA:34,4
DA:35,4
DA:36,4
DA:37,1
LF:37
LH:37
BRDA:37,0,0,1
BRDA:37,1,0,1
BRDA:37,2,0,0
BRDA:37,3,0,0
BRDA:37,4,0,0
BRDA:37,5,0,0
BRDA:37,6,0,1
BRDA:37,7,0,2
BRDA:37,8,0,2
BRDA:37,9,0,4
BRDA:37,10,0,11
BRDA:37,11,0,0
BRDA:37,12,0,4
BRDA:37,13,0,11
BRDA:37,14,0,1
BRDA:37,15,0,14
BRDA:37,16,0,3
BRDA:37,17,0,11
BRDA:37,18,0,4
BRDA:37,19,0,11
BRDA:37,20,0,0
BRDA:37,21,0,12
BRDA:37,22,0,15
BRDA:37,23,0,15
BRDA:37,24,0,0
BRDA:37,25,0,32
BRDA:37,26,0,0
BRDA:37,27,0,0
BRDA:37,28,0,0
BRDA:37,29,0,0
BRDA:37,30,0,15
BRDA:37,31,0,15
BRDA:37,32,0,11
BRDA:37,33,0,0
BRDA:37,34,0,0
BRDA:37,35,0,6
BRDA:37,36,0,0
BRDA:37,37,0,5
BRDA:37,38,0,4
BRDA:37,39,0,2
BRDA:37,40,0,0
BRDA:37,41,0,2
BRDA:37,42,0,0
BRDA:37,43,0,0
BRDA:37,44,0,0
BRDA:37,45,0,17
BRDA:37,46,0,1
BRDA:37,47,0,17
BRDA:37,48,0,4
BRDA:37,49,0,1
BRDA:37,50,0,3
BRDA:37,51,0,0
BRDA:37,52,0,1
BRDA:37,53,0,0
BRDA:13,54,0,1
BRDA:14,55,0,3
BRDA:19,56,0,4
BRDA:37,57,0,4
BRDA:37,58,0,17
BRDA:20,59,0,4
BRDA:37,60,0,4
BRDA:21,61,0,1
BRDA:26,62,0,3
BRDA:27,63,0,2
BRDA:27,64,0,1
BRDA:37,65,0,1
BRDA:31,66,0,3
BRDA:37,67,0,3
BRDA:37,68,0,3
BRF:69
BRH:49
end_of_record
